<?xml version="1.0" encoding="UTF-8"?>
<testsuite xmlns:xsi="http://www.w3.org/2001/XMLSchema-instance" xsi:noNamespaceSchemaLocation="https://maven.apache.org/surefire/maven-surefire-plugin/xsd/surefire-test-report-3.0.xsd" version="3.0" name="com.test.command.ViewStockCommandTest" time="0.064" tests="10" errors="0" skipped="0" failures="9">
  <properties>
    <property name="java.specification.version" value="17"/>
    <property name="sun.cpu.isalist" value="amd64"/>
    <property name="sun.jnu.encoding" value="Cp1252"/>
    <property name="java.class.path" value="c:\Users\rumai\OneDrive\Desktop\New folder (2)\syos_system\target\test-classes;c:\Users\rumai\OneDrive\Desktop\New folder (2)\syos_system\target\classes;C:\Users\rumai\.m2\repository\org\postgresql\postgresql\42.6.0\postgresql-42.6.0.jar;C:\Users\rumai\.m2\repository\org\checkerframework\checker-qual\3.31.0\checker-qual-3.31.0.jar;C:\Users\rumai\.m2\repository\org\mindrot\jbcrypt\0.4\jbcrypt-0.4.jar;C:\Users\rumai\.m2\repository\org\junit\jupiter\junit-jupiter\5.10.2\junit-jupiter-5.10.2.jar;C:\Users\rumai\.m2\repository\org\junit\jupiter\junit-jupiter-params\5.10.2\junit-jupiter-params-5.10.2.jar;C:\Users\rumai\.m2\repository\org\mockito\mockito-core\5.11.0\mockito-core-5.11.0.jar;C:\Users\rumai\.m2\repository\net\bytebuddy\byte-buddy\1.14.12\byte-buddy-1.14.12.jar;C:\Users\rumai\.m2\repository\net\bytebuddy\byte-buddy-agent\1.14.12\byte-buddy-agent-1.14.12.jar;C:\Users\rumai\.m2\repository\org\objenesis\objenesis\3.3\objenesis-3.3.jar;C:\Users\rumai\.m2\repository\org\junit\jupiter\junit-jupiter-api\5.10.0\junit-jupiter-api-5.10.0.jar;C:\Users\rumai\.m2\repository\org\opentest4j\opentest4j\1.3.0\opentest4j-1.3.0.jar;C:\Users\rumai\.m2\repository\org\junit\platform\junit-platform-commons\1.10.0\junit-platform-commons-1.10.0.jar;C:\Users\rumai\.m2\repository\org\apiguardian\apiguardian-api\1.1.2\apiguardian-api-1.1.2.jar;C:\Users\rumai\.m2\repository\org\junit\jupiter\junit-jupiter-engine\5.10.0\junit-jupiter-engine-5.10.0.jar;C:\Users\rumai\.m2\repository\org\junit\platform\junit-platform-engine\1.10.0\junit-platform-engine-1.10.0.jar;C:\Users\rumai\.m2\repository\org\mockito\mockito-junit-jupiter\5.11.0\mockito-junit-jupiter-5.11.0.jar;C:\Users\rumai\.m2\repository\javax\servlet\javax.servlet-api\3.1.0\javax.servlet-api-3.1.0.jar;C:\Users\rumai\.m2\repository\javax\servlet\jsp\jsp-api\2.2\jsp-api-2.2.jar;C:\Users\rumai\.m2\repository\javax\servlet\jstl\1.2\jstl-1.2.jar;"/>
    <property name="java.vm.vendor" value="Oracle Corporation"/>
    <property name="sun.arch.data.model" value="64"/>
    <property name="user.variant" value=""/>
    <property name="java.vendor.url" value="https://java.oracle.com/"/>
    <property name="user.timezone" value="Asia/Colombo"/>
    <property name="os.name" value="Windows 11"/>
    <property name="java.vm.specification.version" value="17"/>
    <property name="sun.java.launcher" value="SUN_STANDARD"/>
    <property name="user.country" value="US"/>
    <property name="sun.boot.library.path" value="C:\Program Files\Java\jdk-17\bin"/>
    <property name="sun.java.command" value="C:\Users\rumai\AppData\Local\Temp\surefire6084395104902566682\surefirebooter-20251003191501870_3.jar C:\Users\rumai\AppData\Local\Temp\surefire6084395104902566682 2025-10-03T19-15-01_520-jvmRun1 surefire-20251003191501870_1tmp surefire_0-20251003191501870_2tmp"/>
    <property name="jdk.debug" value="release"/>
    <property name="surefire.test.class.path" value="c:\Users\rumai\OneDrive\Desktop\New folder (2)\syos_system\target\test-classes;c:\Users\rumai\OneDrive\Desktop\New folder (2)\syos_system\target\classes;C:\Users\rumai\.m2\repository\org\postgresql\postgresql\42.6.0\postgresql-42.6.0.jar;C:\Users\rumai\.m2\repository\org\checkerframework\checker-qual\3.31.0\checker-qual-3.31.0.jar;C:\Users\rumai\.m2\repository\org\mindrot\jbcrypt\0.4\jbcrypt-0.4.jar;C:\Users\rumai\.m2\repository\org\junit\jupiter\junit-jupiter\5.10.2\junit-jupiter-5.10.2.jar;C:\Users\rumai\.m2\repository\org\junit\jupiter\junit-jupiter-params\5.10.2\junit-jupiter-params-5.10.2.jar;C:\Users\rumai\.m2\repository\org\mockito\mockito-core\5.11.0\mockito-core-5.11.0.jar;C:\Users\rumai\.m2\repository\net\bytebuddy\byte-buddy\1.14.12\byte-buddy-1.14.12.jar;C:\Users\rumai\.m2\repository\net\bytebuddy\byte-buddy-agent\1.14.12\byte-buddy-agent-1.14.12.jar;C:\Users\rumai\.m2\repository\org\objenesis\objenesis\3.3\objenesis-3.3.jar;C:\Users\rumai\.m2\repository\org\junit\jupiter\junit-jupiter-api\5.10.0\junit-jupiter-api-5.10.0.jar;C:\Users\rumai\.m2\repository\org\opentest4j\opentest4j\1.3.0\opentest4j-1.3.0.jar;C:\Users\rumai\.m2\repository\org\junit\platform\junit-platform-commons\1.10.0\junit-platform-commons-1.10.0.jar;C:\Users\rumai\.m2\repository\org\apiguardian\apiguardian-api\1.1.2\apiguardian-api-1.1.2.jar;C:\Users\rumai\.m2\repository\org\junit\jupiter\junit-jupiter-engine\5.10.0\junit-jupiter-engine-5.10.0.jar;C:\Users\rumai\.m2\repository\org\junit\platform\junit-platform-engine\1.10.0\junit-platform-engine-1.10.0.jar;C:\Users\rumai\.m2\repository\org\mockito\mockito-junit-jupiter\5.11.0\mockito-junit-jupiter-5.11.0.jar;C:\Users\rumai\.m2\repository\javax\servlet\javax.servlet-api\3.1.0\javax.servlet-api-3.1.0.jar;C:\Users\rumai\.m2\repository\javax\servlet\jsp\jsp-api\2.2\jsp-api-2.2.jar;C:\Users\rumai\.m2\repository\javax\servlet\jstl\1.2\jstl-1.2.jar;"/>
    <property name="sun.cpu.endian" value="little"/>
    <property name="user.home" value="C:\Users\rumai"/>
    <property name="user.language" value="en"/>
    <property name="java.specification.vendor" value="Oracle Corporation"/>
    <property name="java.version.date" value="2023-01-17"/>
    <property name="java.home" value="C:\Program Files\Java\jdk-17"/>
    <property name="file.separator" value="\"/>
    <property name="basedir" value="c:\Users\rumai\OneDrive\Desktop\New folder (2)\syos_system"/>
    <property name="java.vm.compressedOopsMode" value="Zero based"/>
    <property name="line.separator" value="&#10;"/>
    <property name="java.vm.specification.vendor" value="Oracle Corporation"/>
    <property name="java.specification.name" value="Java Platform API Specification"/>
    <property name="surefire.real.class.path" value="C:\Users\rumai\AppData\Local\Temp\surefire6084395104902566682\surefirebooter-20251003191501870_3.jar"/>
    <property name="user.script" value=""/>
    <property name="sun.management.compiler" value="HotSpot 64-Bit Tiered Compilers"/>
    <property name="java.runtime.version" value="17.0.6+9-LTS-190"/>
    <property name="user.name" value="rumai"/>
    <property name="path.separator" value=";"/>
    <property name="os.version" value="10.0"/>
    <property name="java.runtime.name" value="Java(TM) SE Runtime Environment"/>
    <property name="file.encoding" value="Cp1252"/>
    <property name="java.vm.name" value="Java HotSpot(TM) 64-Bit Server VM"/>
    <property name="localRepository" value="C:\Users\rumai\.m2\repository"/>
    <property name="java.vendor.url.bug" value="https://bugreport.java.com/bugreport/"/>
    <property name="java.io.tmpdir" value="C:\Users\rumai\AppData\Local\Temp\"/>
    <property name="java.version" value="17.0.6"/>
    <property name="user.dir" value="c:\Users\rumai\OneDrive\Desktop\New folder (2)\syos_system"/>
    <property name="os.arch" value="amd64"/>
    <property name="java.vm.specification.name" value="Java Virtual Machine Specification"/>
    <property name="sun.os.patch.level" value=""/>
    <property name="native.encoding" value="Cp1252"/>
    <property name="java.library.path" value="C:\Program Files\Java\jdk-17\bin;C:\WINDOWS\Sun\Java\bin;C:\WINDOWS\system32;C:\WINDOWS;C:\Python313\Scripts\;C:\Python313\;C:\Program Files\Common Files\Oracle\Java\javapath;C:\WINDOWS\system32;C:\WINDOWS;C:\WINDOWS\System32\Wbem;C:\WINDOWS\System32\WindowsPowerShell\v1.0\;C:\WINDOWS\System32\OpenSSH\;C:\Program Files\Java\jdk-17\bin;C:\flutter\bin;C:\Program Files\Git\cmd;C:\Program Files (x86)\NVIDIA Corporation\PhysX\Common;C:\Program Files\NVIDIA Corporation\NVIDIA app\NvDLISR;C:\xampp\php;C:\composer;C:\Users\rumai\AppData\Local\Android\Sdk\platform-tools;C:\Program Files\PostgreSQL\17\bin;C:\Users\rumai\AppData\Local\Pub\Cache;C:\Program Files\OpenSSL-Win64\bin;C:\ngrok;C:\Program Files\apache-maven-3.9.9\bin;C:\Program Files\nodejs\;C:\ProgramData\chocolatey\bin;C:\Users\rumai\AppData\Local\nvm;C:\nvm4w\nodejs;C:\Program Files\Docker\Docker\resources\bin;C:\Program Files\GitHub CLI\;C:\Users\rumai\AppData\Local\Programs\Python\Launcher\;C:\Users\rumai\AppData\Local\Microsoft\WindowsApps;C:\Users\rumai\AppData\Local\Programs\Microsoft VS Code\bin;C:\Users\rumai\AppData\Roaming\Composer\vendor\bin;C:\Program Files\Java\jdk-17\bin;C:\Users\rumai\AppData\Roaming\npm;C:\Users\rumai\AppData\Local\nvm;C:\nvm4w\nodejs;C:\Users\rumai\AppData\Local\nvm;;."/>
    <property name="java.vm.info" value="mixed mode, sharing"/>
    <property name="java.vendor" value="Oracle Corporation"/>
    <property name="java.vm.version" value="17.0.6+9-LTS-190"/>
    <property name="sun.io.unicode.encoding" value="UnicodeLittle"/>
    <property name="java.class.version" value="61.0"/>
  </properties>
  <testcase name="testExecute_displayAll_mixedStockDetails" classname="com.test.command.ViewStockCommandTest" time="0.015">
    <failure message="expected: &lt;Enter product code to view stock details (or leave blank to view all products): &#10;--- Current Shelf and Back-Store Stock Details (All Products) ---&#10;-----------------------------------------------------------------------------------------------------------------&#10;Product Code    Shelf Qty       Batch ID        Purch. Date     Exp. Date       Batch Rem. Qty &#10;-----------------------------------------------------------------------------------------------------------------&#10;PROD_A          75              101             2025-07-03      2026-01-03      50             &#10;                                102             2025-09-03      2025-11-03      20             &#10;PROD_B          100             201             2025-04-03      2026-04-03      100            &#10;PROD_C          15              N/A             N/A             N/A             N/A            &#10;PROD_D          0               N/A             N/A             N/A             N/A            &#10;PROD_E          25              N/A             N/A             N/A             N/A            &#10;-----------------------------------------------------------------------------------------------------------------&#10;Note: &apos;Shelf Qty&apos; is the total quantity on the shelf. &apos;Batch Rem. Qty&apos; is stock remaining in back-store batches.&#10;&gt; but was: &lt;Enter product code to view stock details (or leave blank to view all products): &#10;--- Current Shelf and Back-Store Stock Details (All Products) ---&#10;-----------------------------------------------------------------------------------------------------------------&#10;Product Code    Shelf Qty       Batch ID        Purch. Date     Exp. Date       Batch Rem. Qty &#10;-----------------------------------------------------------------------------------------------------------------&#10;PROD_A          75              101             2025-07-03      2026-01-03      50             &#10;                                102             2025-09-03      2025-11-03      20             &#10;PROD_B          100             201             2025-04-03      2026-04-03      100            &#10;PROD_C          15              N/A             N/A             N/A             N/A            &#10;PROD_D          0               N/A             N/A             N/A             N/A            &#10;PROD_E          25              N/A             N/A             N/A             N/A            &#10;-----------------------------------------------------------------------------------------------------------------&#10;Note: &apos;Shelf Qty&apos; is the total quantity on the shelf. &apos;Batch Rem. Qty&apos; is stock remaining in back-store batches.&#10;&gt;" type="org.opentest4j.AssertionFailedError"><![CDATA[org.opentest4j.AssertionFailedError: 
expected: <Enter product code to view stock details (or leave blank to view all products): 
--- Current Shelf and Back-Store Stock Details (All Products) ---
-----------------------------------------------------------------------------------------------------------------
Product Code    Shelf Qty       Batch ID        Purch. Date     Exp. Date       Batch Rem. Qty 
-----------------------------------------------------------------------------------------------------------------
PROD_A          75              101             2025-07-03      2026-01-03      50             
                                102             2025-09-03      2025-11-03      20             
PROD_B          100             201             2025-04-03      2026-04-03      100            
PROD_C          15              N/A             N/A             N/A             N/A            
PROD_D          0               N/A             N/A             N/A             N/A            
PROD_E          25              N/A             N/A             N/A             N/A            
-----------------------------------------------------------------------------------------------------------------
Note: 'Shelf Qty' is the total quantity on the shelf. 'Batch Rem. Qty' is stock remaining in back-store batches.
> but was: <Enter product code to view stock details (or leave blank to view all products): 
--- Current Shelf and Back-Store Stock Details (All Products) ---
-----------------------------------------------------------------------------------------------------------------
Product Code    Shelf Qty       Batch ID        Purch. Date     Exp. Date       Batch Rem. Qty 
-----------------------------------------------------------------------------------------------------------------
PROD_A          75              101             2025-07-03      2026-01-03      50             
                                102             2025-09-03      2025-11-03      20             
PROD_B          100             201             2025-04-03      2026-04-03      100            
PROD_C          15              N/A             N/A             N/A             N/A            
PROD_D          0               N/A             N/A             N/A             N/A            
PROD_E          25              N/A             N/A             N/A             N/A            
-----------------------------------------------------------------------------------------------------------------
Note: 'Shelf Qty' is the total quantity on the shelf. 'Batch Rem. Qty' is stock remaining in back-store batches.
>
	at org.junit.jupiter.api.AssertionFailureBuilder.build(AssertionFailureBuilder.java:151)
	at org.junit.jupiter.api.AssertionFailureBuilder.buildAndThrow(AssertionFailureBuilder.java:132)
	at org.junit.jupiter.api.AssertEquals.failNotEqual(AssertEquals.java:197)
	at org.junit.jupiter.api.AssertEquals.assertEquals(AssertEquals.java:182)
	at org.junit.jupiter.api.AssertEquals.assertEquals(AssertEquals.java:177)
	at org.junit.jupiter.api.Assertions.assertEquals(Assertions.java:1141)
	at com.test.command.ViewStockCommandTest.testExecute_displayAll_mixedStockDetails(ViewStockCommandTest.java:161)
	at java.base/java.lang.reflect.Method.invoke(Method.java:568)
	at java.base/java.util.ArrayList.forEach(ArrayList.java:1511)
	at java.base/java.util.ArrayList.forEach(ArrayList.java:1511)
]]></failure>
  </testcase>
  <testcase name="testExecute_displayFiltered_zeroStockNoBatches" classname="com.test.command.ViewStockCommandTest" time="0.003">
    <failure message="expected: &lt;Enter product code to view stock details (or leave blank to view all products): &#10;--- Current Stock Details for Product: ZERO_STOCK_PROD ---&#10;-----------------------------------------------------------------------------------------------------------------&#10;Product Code    Shelf Qty       Batch ID        Purch. Date     Exp. Date       Batch Rem. Qty &#10;-----------------------------------------------------------------------------------------------------------------&#10;ZERO_STOCK_PROD 0               N/A             N/A             N/A             N/A            &#10;-----------------------------------------------------------------------------------------------------------------&#10;Note: &apos;Shelf Qty&apos; is the total quantity on the shelf. &apos;Batch Rem. Qty&apos; is stock remaining in back-store batches.&#10;&gt; but was: &lt;Enter product code to view stock details (or leave blank to view all products): &#10;--- Current Stock Details for Product: ZERO_STOCK_PROD ---&#10;-----------------------------------------------------------------------------------------------------------------&#10;Product Code    Shelf Qty       Batch ID        Purch. Date     Exp. Date       Batch Rem. Qty &#10;-----------------------------------------------------------------------------------------------------------------&#10;ZERO_STOCK_PROD 0               N/A             N/A             N/A             N/A            &#10;ZERO_STOCK_PROD 0               N/A             N/A             N/A             N/A            &#10;-----------------------------------------------------------------------------------------------------------------&#10;Note: &apos;Shelf Qty&apos; is the total quantity on the shelf. &apos;Batch Rem. Qty&apos; is stock remaining in back-store batches.&#10;&gt;" type="org.opentest4j.AssertionFailedError"><![CDATA[org.opentest4j.AssertionFailedError: 
expected: <Enter product code to view stock details (or leave blank to view all products): 
--- Current Stock Details for Product: ZERO_STOCK_PROD ---
-----------------------------------------------------------------------------------------------------------------
Product Code    Shelf Qty       Batch ID        Purch. Date     Exp. Date       Batch Rem. Qty 
-----------------------------------------------------------------------------------------------------------------
ZERO_STOCK_PROD 0               N/A             N/A             N/A             N/A            
-----------------------------------------------------------------------------------------------------------------
Note: 'Shelf Qty' is the total quantity on the shelf. 'Batch Rem. Qty' is stock remaining in back-store batches.
> but was: <Enter product code to view stock details (or leave blank to view all products): 
--- Current Stock Details for Product: ZERO_STOCK_PROD ---
-----------------------------------------------------------------------------------------------------------------
Product Code    Shelf Qty       Batch ID        Purch. Date     Exp. Date       Batch Rem. Qty 
-----------------------------------------------------------------------------------------------------------------
ZERO_STOCK_PROD 0               N/A             N/A             N/A             N/A            
ZERO_STOCK_PROD 0               N/A             N/A             N/A             N/A            
-----------------------------------------------------------------------------------------------------------------
Note: 'Shelf Qty' is the total quantity on the shelf. 'Batch Rem. Qty' is stock remaining in back-store batches.
>
	at org.junit.jupiter.api.AssertionFailureBuilder.build(AssertionFailureBuilder.java:151)
	at org.junit.jupiter.api.AssertionFailureBuilder.buildAndThrow(AssertionFailureBuilder.java:132)
	at org.junit.jupiter.api.AssertEquals.failNotEqual(AssertEquals.java:197)
	at org.junit.jupiter.api.AssertEquals.assertEquals(AssertEquals.java:182)
	at org.junit.jupiter.api.AssertEquals.assertEquals(AssertEquals.java:177)
	at org.junit.jupiter.api.Assertions.assertEquals(Assertions.java:1141)
	at com.test.command.ViewStockCommandTest.testExecute_displayFiltered_zeroStockNoBatches(ViewStockCommandTest.java:358)
	at java.base/java.lang.reflect.Method.invoke(Method.java:568)
	at java.base/java.util.ArrayList.forEach(ArrayList.java:1511)
	at java.base/java.util.ArrayList.forEach(ArrayList.java:1511)
]]></failure>
  </testcase>
  <testcase name="testExecute_displayFiltered_noBatches_positiveShelfQty" classname="com.test.command.ViewStockCommandTest" time="0.003">
    <failure message="expected: &lt;Enter product code to view stock details (or leave blank to view all products): &#10;--- Current Stock Details for Product: SHELF_ONLY_PROD ---&#10;-----------------------------------------------------------------------------------------------------------------&#10;Product Code    Shelf Qty       Batch ID        Purch. Date     Exp. Date       Batch Rem. Qty &#10;-----------------------------------------------------------------------------------------------------------------&#10;SHELF_ONLY_PROD 30              N/A             N/A             N/A             N/A            &#10;-----------------------------------------------------------------------------------------------------------------&#10;Note: &apos;Shelf Qty&apos; is the total quantity on the shelf. &apos;Batch Rem. Qty&apos; is stock remaining in back-store batches.&#10;&gt; but was: &lt;Enter product code to view stock details (or leave blank to view all products): &#10;--- Current Stock Details for Product: SHELF_ONLY_PROD ---&#10;-----------------------------------------------------------------------------------------------------------------&#10;Product Code    Shelf Qty       Batch ID        Purch. Date     Exp. Date       Batch Rem. Qty &#10;-----------------------------------------------------------------------------------------------------------------&#10;SHELF_ONLY_PROD 30              N/A             N/A             N/A             N/A            &#10;-----------------------------------------------------------------------------------------------------------------&#10;Note: &apos;Shelf Qty&apos; is the total quantity on the shelf. &apos;Batch Rem. Qty&apos; is stock remaining in back-store batches.&#10;&gt;" type="org.opentest4j.AssertionFailedError"><![CDATA[org.opentest4j.AssertionFailedError: 
expected: <Enter product code to view stock details (or leave blank to view all products): 
--- Current Stock Details for Product: SHELF_ONLY_PROD ---
-----------------------------------------------------------------------------------------------------------------
Product Code    Shelf Qty       Batch ID        Purch. Date     Exp. Date       Batch Rem. Qty 
-----------------------------------------------------------------------------------------------------------------
SHELF_ONLY_PROD 30              N/A             N/A             N/A             N/A            
-----------------------------------------------------------------------------------------------------------------
Note: 'Shelf Qty' is the total quantity on the shelf. 'Batch Rem. Qty' is stock remaining in back-store batches.
> but was: <Enter product code to view stock details (or leave blank to view all products): 
--- Current Stock Details for Product: SHELF_ONLY_PROD ---
-----------------------------------------------------------------------------------------------------------------
Product Code    Shelf Qty       Batch ID        Purch. Date     Exp. Date       Batch Rem. Qty 
-----------------------------------------------------------------------------------------------------------------
SHELF_ONLY_PROD 30              N/A             N/A             N/A             N/A            
-----------------------------------------------------------------------------------------------------------------
Note: 'Shelf Qty' is the total quantity on the shelf. 'Batch Rem. Qty' is stock remaining in back-store batches.
>
	at org.junit.jupiter.api.AssertionFailureBuilder.build(AssertionFailureBuilder.java:151)
	at org.junit.jupiter.api.AssertionFailureBuilder.buildAndThrow(AssertionFailureBuilder.java:132)
	at org.junit.jupiter.api.AssertEquals.failNotEqual(AssertEquals.java:197)
	at org.junit.jupiter.api.AssertEquals.assertEquals(AssertEquals.java:182)
	at org.junit.jupiter.api.AssertEquals.assertEquals(AssertEquals.java:177)
	at org.junit.jupiter.api.Assertions.assertEquals(Assertions.java:1141)
	at com.test.command.ViewStockCommandTest.testExecute_displayFiltered_noBatches_positiveShelfQty(ViewStockCommandTest.java:201)
	at java.base/java.lang.reflect.Method.invoke(Method.java:568)
	at java.base/java.util.ArrayList.forEach(ArrayList.java:1511)
	at java.base/java.util.ArrayList.forEach(ArrayList.java:1511)
]]></failure>
  </testcase>
  <testcase name="testExecute_displayAll_noProductsFound" classname="com.test.command.ViewStockCommandTest" time="0.003"/>
  <testcase name="testExecute_displayAll_allProductsError" classname="com.test.command.ViewStockCommandTest" time="0.003">
    <failure message="expected: &lt;Enter product code to view stock details (or leave blank to view all products): &#10;--- Current Shelf and Back-Store Stock Details (All Products) ---&#10;-----------------------------------------------------------------------------------------------------------------&#10;Product Code    Shelf Qty       Batch ID        Purch. Date     Exp. Date       Batch Rem. Qty &#10;-----------------------------------------------------------------------------------------------------------------&#10;An unexpected error occurred for product PROD1: DB Connection Lost&#10;An unexpected error occurred for product PROD2: DB Connection Lost&#10;No valid stock data found for the specified products, or issues occurred during retrieval.&#10;-----------------------------------------------------------------------------------------------------------------&#10;Note: &apos;Shelf Qty&apos; is the total quantity on the shelf. &apos;Batch Rem. Qty&apos; is stock remaining in back-store batches.&#10;&gt; but was: &lt;Enter product code to view stock details (or leave blank to view all products): &#10;--- Current Shelf and Back-Store Stock Details (All Products) ---&#10;-----------------------------------------------------------------------------------------------------------------&#10;Product Code    Shelf Qty       Batch ID        Purch. Date     Exp. Date       Batch Rem. Qty &#10;-----------------------------------------------------------------------------------------------------------------&#10;An unexpected error occurred for product PROD1: DB Connection Lost&#10;An unexpected error occurred for product PROD2: DB Connection Lost&#10;No stock data found for the selected products.&#10;-----------------------------------------------------------------------------------------------------------------&#10;Note: &apos;Shelf Qty&apos; is the total quantity on the shelf. &apos;Batch Rem. Qty&apos; is stock remaining in back-store batches.&#10;&gt;" type="org.opentest4j.AssertionFailedError"><![CDATA[org.opentest4j.AssertionFailedError: 
expected: <Enter product code to view stock details (or leave blank to view all products): 
--- Current Shelf and Back-Store Stock Details (All Products) ---
-----------------------------------------------------------------------------------------------------------------
Product Code    Shelf Qty       Batch ID        Purch. Date     Exp. Date       Batch Rem. Qty 
-----------------------------------------------------------------------------------------------------------------
An unexpected error occurred for product PROD1: DB Connection Lost
An unexpected error occurred for product PROD2: DB Connection Lost
No valid stock data found for the specified products, or issues occurred during retrieval.
-----------------------------------------------------------------------------------------------------------------
Note: 'Shelf Qty' is the total quantity on the shelf. 'Batch Rem. Qty' is stock remaining in back-store batches.
> but was: <Enter product code to view stock details (or leave blank to view all products): 
--- Current Shelf and Back-Store Stock Details (All Products) ---
-----------------------------------------------------------------------------------------------------------------
Product Code    Shelf Qty       Batch ID        Purch. Date     Exp. Date       Batch Rem. Qty 
-----------------------------------------------------------------------------------------------------------------
An unexpected error occurred for product PROD1: DB Connection Lost
An unexpected error occurred for product PROD2: DB Connection Lost
No stock data found for the selected products.
-----------------------------------------------------------------------------------------------------------------
Note: 'Shelf Qty' is the total quantity on the shelf. 'Batch Rem. Qty' is stock remaining in back-store batches.
>
	at org.junit.jupiter.api.AssertionFailureBuilder.build(AssertionFailureBuilder.java:151)
	at org.junit.jupiter.api.AssertionFailureBuilder.buildAndThrow(AssertionFailureBuilder.java:132)
	at org.junit.jupiter.api.AssertEquals.failNotEqual(AssertEquals.java:197)
	at org.junit.jupiter.api.AssertEquals.assertEquals(AssertEquals.java:182)
	at org.junit.jupiter.api.AssertEquals.assertEquals(AssertEquals.java:177)
	at org.junit.jupiter.api.Assertions.assertEquals(Assertions.java:1141)
	at com.test.command.ViewStockCommandTest.testExecute_displayAll_allProductsError(ViewStockCommandTest.java:392)
	at java.base/java.lang.reflect.Method.invoke(Method.java:568)
	at java.base/java.util.ArrayList.forEach(ArrayList.java:1511)
	at java.base/java.util.ArrayList.forEach(ArrayList.java:1511)
]]></failure>
  </testcase>
  <testcase name="testExecute_displayFiltered_unexpectedException" classname="com.test.command.ViewStockCommandTest" time="0.004">
    <failure message="expected: &lt;Enter product code to view stock details (or leave blank to view all products): &#10;--- Current Stock Details for Product: ERROR_PROD ---&#10;-----------------------------------------------------------------------------------------------------------------&#10;Product Code    Shelf Qty       Batch ID        Purch. Date     Exp. Date       Batch Rem. Qty &#10;-----------------------------------------------------------------------------------------------------------------&#10;An unexpected error occurred for product ERROR_PROD: Network error&#10;-----------------------------------------------------------------------------------------------------------------&#10;Note: &apos;Shelf Qty&apos; is the total quantity on the shelf. &apos;Batch Rem. Qty&apos; is stock remaining in back-store batches.&#10;&gt; but was: &lt;Enter product code to view stock details (or leave blank to view all products): &#10;--- Current Stock Details for Product: ERROR_PROD ---&#10;-----------------------------------------------------------------------------------------------------------------&#10;Product Code    Shelf Qty       Batch ID        Purch. Date     Exp. Date       Batch Rem. Qty &#10;-----------------------------------------------------------------------------------------------------------------&#10;An unexpected error occurred for product ERROR_PROD: Network error&#10;No stock data found for the selected products.&#10;-----------------------------------------------------------------------------------------------------------------&#10;Note: &apos;Shelf Qty&apos; is the total quantity on the shelf. &apos;Batch Rem. Qty&apos; is stock remaining in back-store batches.&#10;&gt;" type="org.opentest4j.AssertionFailedError"><![CDATA[org.opentest4j.AssertionFailedError: 
expected: <Enter product code to view stock details (or leave blank to view all products): 
--- Current Stock Details for Product: ERROR_PROD ---
-----------------------------------------------------------------------------------------------------------------
Product Code    Shelf Qty       Batch ID        Purch. Date     Exp. Date       Batch Rem. Qty 
-----------------------------------------------------------------------------------------------------------------
An unexpected error occurred for product ERROR_PROD: Network error
-----------------------------------------------------------------------------------------------------------------
Note: 'Shelf Qty' is the total quantity on the shelf. 'Batch Rem. Qty' is stock remaining in back-store batches.
> but was: <Enter product code to view stock details (or leave blank to view all products): 
--- Current Stock Details for Product: ERROR_PROD ---
-----------------------------------------------------------------------------------------------------------------
Product Code    Shelf Qty       Batch ID        Purch. Date     Exp. Date       Batch Rem. Qty 
-----------------------------------------------------------------------------------------------------------------
An unexpected error occurred for product ERROR_PROD: Network error
No stock data found for the selected products.
-----------------------------------------------------------------------------------------------------------------
Note: 'Shelf Qty' is the total quantity on the shelf. 'Batch Rem. Qty' is stock remaining in back-store batches.
>
	at org.junit.jupiter.api.AssertionFailureBuilder.build(AssertionFailureBuilder.java:151)
	at org.junit.jupiter.api.AssertionFailureBuilder.buildAndThrow(AssertionFailureBuilder.java:132)
	at org.junit.jupiter.api.AssertEquals.failNotEqual(AssertEquals.java:197)
	at org.junit.jupiter.api.AssertEquals.assertEquals(AssertEquals.java:182)
	at org.junit.jupiter.api.AssertEquals.assertEquals(AssertEquals.java:177)
	at org.junit.jupiter.api.Assertions.assertEquals(Assertions.java:1141)
	at com.test.command.ViewStockCommandTest.testExecute_displayFiltered_unexpectedException(ViewStockCommandTest.java:232)
	at java.base/java.lang.reflect.Method.invoke(Method.java:568)
	at java.base/java.util.ArrayList.forEach(ArrayList.java:1511)
	at java.base/java.util.ArrayList.forEach(ArrayList.java:1511)
]]></failure>
  </testcase>
  <testcase name="testExecute_displayFiltered_singleBatch" classname="com.test.command.ViewStockCommandTest" time="0.003">
    <failure message="expected: &lt;Enter product code to view stock details (or leave blank to view all products): &#10;--- Current Stock Details for Product: SINGLE_PROD ---&#10;-----------------------------------------------------------------------------------------------------------------&#10;Product Code    Shelf Qty       Batch ID        Purch. Date     Exp. Date       Batch Rem. Qty &#10;-----------------------------------------------------------------------------------------------------------------&#10;SINGLE_PROD     70              401             2025-09-03      2026-03-03      70             &#10;-----------------------------------------------------------------------------------------------------------------&#10;Note: &apos;Shelf Qty&apos; is the total quantity on the shelf. &apos;Batch Rem. Qty&apos; is stock remaining in back-store batches.&#10;&gt; but was: &lt;Enter product code to view stock details (or leave blank to view all products): &#10;--- Current Stock Details for Product: SINGLE_PROD ---&#10;-----------------------------------------------------------------------------------------------------------------&#10;Product Code    Shelf Qty       Batch ID        Purch. Date     Exp. Date       Batch Rem. Qty &#10;-----------------------------------------------------------------------------------------------------------------&#10;SINGLE_PROD     70              401             2025-09-03      2026-03-03      70             &#10;-----------------------------------------------------------------------------------------------------------------&#10;Note: &apos;Shelf Qty&apos; is the total quantity on the shelf. &apos;Batch Rem. Qty&apos; is stock remaining in back-store batches.&#10;&gt;" type="org.opentest4j.AssertionFailedError"><![CDATA[org.opentest4j.AssertionFailedError: 
expected: <Enter product code to view stock details (or leave blank to view all products): 
--- Current Stock Details for Product: SINGLE_PROD ---
-----------------------------------------------------------------------------------------------------------------
Product Code    Shelf Qty       Batch ID        Purch. Date     Exp. Date       Batch Rem. Qty 
-----------------------------------------------------------------------------------------------------------------
SINGLE_PROD     70              401             2025-09-03      2026-03-03      70             
-----------------------------------------------------------------------------------------------------------------
Note: 'Shelf Qty' is the total quantity on the shelf. 'Batch Rem. Qty' is stock remaining in back-store batches.
> but was: <Enter product code to view stock details (or leave blank to view all products): 
--- Current Stock Details for Product: SINGLE_PROD ---
-----------------------------------------------------------------------------------------------------------------
Product Code    Shelf Qty       Batch ID        Purch. Date     Exp. Date       Batch Rem. Qty 
-----------------------------------------------------------------------------------------------------------------
SINGLE_PROD     70              401             2025-09-03      2026-03-03      70             
-----------------------------------------------------------------------------------------------------------------
Note: 'Shelf Qty' is the total quantity on the shelf. 'Batch Rem. Qty' is stock remaining in back-store batches.
>
	at org.junit.jupiter.api.AssertionFailureBuilder.build(AssertionFailureBuilder.java:151)
	at org.junit.jupiter.api.AssertionFailureBuilder.buildAndThrow(AssertionFailureBuilder.java:132)
	at org.junit.jupiter.api.AssertEquals.failNotEqual(AssertEquals.java:197)
	at org.junit.jupiter.api.AssertEquals.assertEquals(AssertEquals.java:182)
	at org.junit.jupiter.api.AssertEquals.assertEquals(AssertEquals.java:177)
	at org.junit.jupiter.api.Assertions.assertEquals(Assertions.java:1141)
	at com.test.command.ViewStockCommandTest.testExecute_displayFiltered_singleBatch(ViewStockCommandTest.java:263)
	at java.base/java.lang.reflect.Method.invoke(Method.java:568)
	at java.base/java.util.ArrayList.forEach(ArrayList.java:1511)
	at java.base/java.util.ArrayList.forEach(ArrayList.java:1511)
]]></failure>
  </testcase>
  <testcase name="testExecute_displayAll_allProductsNotFound" classname="com.test.command.ViewStockCommandTest" time="0.006">
    <failure message="expected: &lt;Enter product code to view stock details (or leave blank to view all products): &#10;--- Current Shelf and Back-Store Stock Details (All Products) ---&#10;-----------------------------------------------------------------------------------------------------------------&#10;Product Code    Shelf Qty       Batch ID        Purch. Date     Exp. Date       Batch Rem. Qty &#10;-----------------------------------------------------------------------------------------------------------------&#10;No valid stock data found for the specified products, or issues occurred during retrieval.&#10;-----------------------------------------------------------------------------------------------------------------&#10;Note: &apos;Shelf Qty&apos; is the total quantity on the shelf. &apos;Batch Rem. Qty&apos; is stock remaining in back-store batches.&#10;&gt; but was: &lt;Enter product code to view stock details (or leave blank to view all products): &#10;--- Current Shelf and Back-Store Stock Details (All Products) ---&#10;-----------------------------------------------------------------------------------------------------------------&#10;Product Code    Shelf Qty       Batch ID        Purch. Date     Exp. Date       Batch Rem. Qty &#10;-----------------------------------------------------------------------------------------------------------------&#10;No stock data found for the selected products.&#10;-----------------------------------------------------------------------------------------------------------------&#10;Note: &apos;Shelf Qty&apos; is the total quantity on the shelf. &apos;Batch Rem. Qty&apos; is stock remaining in back-store batches.&#10;&gt;" type="org.opentest4j.AssertionFailedError"><![CDATA[org.opentest4j.AssertionFailedError: 
expected: <Enter product code to view stock details (or leave blank to view all products): 
--- Current Shelf and Back-Store Stock Details (All Products) ---
-----------------------------------------------------------------------------------------------------------------
Product Code    Shelf Qty       Batch ID        Purch. Date     Exp. Date       Batch Rem. Qty 
-----------------------------------------------------------------------------------------------------------------
No valid stock data found for the specified products, or issues occurred during retrieval.
-----------------------------------------------------------------------------------------------------------------
Note: 'Shelf Qty' is the total quantity on the shelf. 'Batch Rem. Qty' is stock remaining in back-store batches.
> but was: <Enter product code to view stock details (or leave blank to view all products): 
--- Current Shelf and Back-Store Stock Details (All Products) ---
-----------------------------------------------------------------------------------------------------------------
Product Code    Shelf Qty       Batch ID        Purch. Date     Exp. Date       Batch Rem. Qty 
-----------------------------------------------------------------------------------------------------------------
No stock data found for the selected products.
-----------------------------------------------------------------------------------------------------------------
Note: 'Shelf Qty' is the total quantity on the shelf. 'Batch Rem. Qty' is stock remaining in back-store batches.
>
	at org.junit.jupiter.api.AssertionFailureBuilder.build(AssertionFailureBuilder.java:151)
	at org.junit.jupiter.api.AssertionFailureBuilder.buildAndThrow(AssertionFailureBuilder.java:132)
	at org.junit.jupiter.api.AssertEquals.failNotEqual(AssertEquals.java:197)
	at org.junit.jupiter.api.AssertEquals.assertEquals(AssertEquals.java:182)
	at org.junit.jupiter.api.AssertEquals.assertEquals(AssertEquals.java:177)
	at org.junit.jupiter.api.Assertions.assertEquals(Assertions.java:1141)
	at com.test.command.ViewStockCommandTest.testExecute_displayAll_allProductsNotFound(ViewStockCommandTest.java:430)
	at java.base/java.lang.reflect.Method.invoke(Method.java:568)
	at java.base/java.util.ArrayList.forEach(ArrayList.java:1511)
	at java.base/java.util.ArrayList.forEach(ArrayList.java:1511)
]]></failure>
  </testcase>
  <testcase name="testExecute_displayFiltered_multipleBatches" classname="com.test.command.ViewStockCommandTest" time="0.005">
    <failure message="expected: &lt;Enter product code to view stock details (or leave blank to view all products): &#10;--- Current Stock Details for Product: FILTER_PROD ---&#10;-----------------------------------------------------------------------------------------------------------------&#10;Product Code    Shelf Qty       Batch ID        Purch. Date     Exp. Date       Batch Rem. Qty &#10;-----------------------------------------------------------------------------------------------------------------&#10;FILTER_PROD     55              301             2025-08-03      2026-02-03      40             &#10;                                302             2025-09-03      2025-12-03      15             &#10;-----------------------------------------------------------------------------------------------------------------&#10;Note: &apos;Shelf Qty&apos; is the total quantity on the shelf. &apos;Batch Rem. Qty&apos; is stock remaining in back-store batches.&#10;&gt; but was: &lt;Enter product code to view stock details (or leave blank to view all products): &#10;--- Current Stock Details for Product: FILTER_PROD ---&#10;-----------------------------------------------------------------------------------------------------------------&#10;Product Code    Shelf Qty       Batch ID        Purch. Date     Exp. Date       Batch Rem. Qty &#10;-----------------------------------------------------------------------------------------------------------------&#10;FILTER_PROD     55              301             2025-08-03      2026-02-03      40             &#10;                                302             2025-09-03      2025-12-03      15             &#10;-----------------------------------------------------------------------------------------------------------------&#10;Note: &apos;Shelf Qty&apos; is the total quantity on the shelf. &apos;Batch Rem. Qty&apos; is stock remaining in back-store batches.&#10;&gt;" type="org.opentest4j.AssertionFailedError"><![CDATA[org.opentest4j.AssertionFailedError: 
expected: <Enter product code to view stock details (or leave blank to view all products): 
--- Current Stock Details for Product: FILTER_PROD ---
-----------------------------------------------------------------------------------------------------------------
Product Code    Shelf Qty       Batch ID        Purch. Date     Exp. Date       Batch Rem. Qty 
-----------------------------------------------------------------------------------------------------------------
FILTER_PROD     55              301             2025-08-03      2026-02-03      40             
                                302             2025-09-03      2025-12-03      15             
-----------------------------------------------------------------------------------------------------------------
Note: 'Shelf Qty' is the total quantity on the shelf. 'Batch Rem. Qty' is stock remaining in back-store batches.
> but was: <Enter product code to view stock details (or leave blank to view all products): 
--- Current Stock Details for Product: FILTER_PROD ---
-----------------------------------------------------------------------------------------------------------------
Product Code    Shelf Qty       Batch ID        Purch. Date     Exp. Date       Batch Rem. Qty 
-----------------------------------------------------------------------------------------------------------------
FILTER_PROD     55              301             2025-08-03      2026-02-03      40             
                                302             2025-09-03      2025-12-03      15             
-----------------------------------------------------------------------------------------------------------------
Note: 'Shelf Qty' is the total quantity on the shelf. 'Batch Rem. Qty' is stock remaining in back-store batches.
>
	at org.junit.jupiter.api.AssertionFailureBuilder.build(AssertionFailureBuilder.java:151)
	at org.junit.jupiter.api.AssertionFailureBuilder.buildAndThrow(AssertionFailureBuilder.java:132)
	at org.junit.jupiter.api.AssertEquals.failNotEqual(AssertEquals.java:197)
	at org.junit.jupiter.api.AssertEquals.assertEquals(AssertEquals.java:182)
	at org.junit.jupiter.api.AssertEquals.assertEquals(AssertEquals.java:177)
	at org.junit.jupiter.api.Assertions.assertEquals(Assertions.java:1141)
	at com.test.command.ViewStockCommandTest.testExecute_displayFiltered_multipleBatches(ViewStockCommandTest.java:297)
	at java.base/java.lang.reflect.Method.invoke(Method.java:568)
	at java.base/java.util.ArrayList.forEach(ArrayList.java:1511)
	at java.base/java.util.ArrayList.forEach(ArrayList.java:1511)
]]></failure>
  </testcase>
  <testcase name="testExecute_displayFiltered_productNotFound" classname="com.test.command.ViewStockCommandTest" time="0.007">
    <failure message="expected: &lt;Enter product code to view stock details (or leave blank to view all products): &#10;--- Current Stock Details for Product: NON_EXISTENT_PROD ---&#10;-----------------------------------------------------------------------------------------------------------------&#10;Product Code    Shelf Qty       Batch ID        Purch. Date     Exp. Date       Batch Rem. Qty &#10;-----------------------------------------------------------------------------------------------------------------&#10;Error: Product code &apos;NON_EXISTENT_PROD&apos; not found or issue retrieving details: Product not found: NON_EXISTENT_PROD&#10;-----------------------------------------------------------------------------------------------------------------&#10;Note: &apos;Shelf Qty&apos; is the total quantity on the shelf. &apos;Batch Rem. Qty&apos; is stock remaining in back-store batches.&#10;&gt; but was: &lt;Enter product code to view stock details (or leave blank to view all products): &#10;--- Current Stock Details for Product: NON_EXISTENT_PROD ---&#10;-----------------------------------------------------------------------------------------------------------------&#10;Product Code    Shelf Qty       Batch ID        Purch. Date     Exp. Date       Batch Rem. Qty &#10;-----------------------------------------------------------------------------------------------------------------&#10;Error: Product code &apos;NON_EXISTENT_PROD&apos; not found or issue retrieving details: Product not found: NON_EXISTENT_PROD&#10;No stock data found for the selected products.&#10;-----------------------------------------------------------------------------------------------------------------&#10;Note: &apos;Shelf Qty&apos; is the total quantity on the shelf. &apos;Batch Rem. Qty&apos; is stock remaining in back-store batches.&#10;&gt;" type="org.opentest4j.AssertionFailedError"><![CDATA[org.opentest4j.AssertionFailedError: 
expected: <Enter product code to view stock details (or leave blank to view all products): 
--- Current Stock Details for Product: NON_EXISTENT_PROD ---
-----------------------------------------------------------------------------------------------------------------
Product Code    Shelf Qty       Batch ID        Purch. Date     Exp. Date       Batch Rem. Qty 
-----------------------------------------------------------------------------------------------------------------
Error: Product code 'NON_EXISTENT_PROD' not found or issue retrieving details: Product not found: NON_EXISTENT_PROD
-----------------------------------------------------------------------------------------------------------------
Note: 'Shelf Qty' is the total quantity on the shelf. 'Batch Rem. Qty' is stock remaining in back-store batches.
> but was: <Enter product code to view stock details (or leave blank to view all products): 
--- Current Stock Details for Product: NON_EXISTENT_PROD ---
-----------------------------------------------------------------------------------------------------------------
Product Code    Shelf Qty       Batch ID        Purch. Date     Exp. Date       Batch Rem. Qty 
-----------------------------------------------------------------------------------------------------------------
Error: Product code 'NON_EXISTENT_PROD' not found or issue retrieving details: Product not found: NON_EXISTENT_PROD
No stock data found for the selected products.
-----------------------------------------------------------------------------------------------------------------
Note: 'Shelf Qty' is the total quantity on the shelf. 'Batch Rem. Qty' is stock remaining in back-store batches.
>
	at org.junit.jupiter.api.AssertionFailureBuilder.build(AssertionFailureBuilder.java:151)
	at org.junit.jupiter.api.AssertionFailureBuilder.buildAndThrow(AssertionFailureBuilder.java:132)
	at org.junit.jupiter.api.AssertEquals.failNotEqual(AssertEquals.java:197)
	at org.junit.jupiter.api.AssertEquals.assertEquals(AssertEquals.java:182)
	at org.junit.jupiter.api.AssertEquals.assertEquals(AssertEquals.java:177)
	at org.junit.jupiter.api.Assertions.assertEquals(Assertions.java:1141)
	at com.test.command.ViewStockCommandTest.testExecute_displayFiltered_productNotFound(ViewStockCommandTest.java:329)
	at java.base/java.lang.reflect.Method.invoke(Method.java:568)
	at java.base/java.util.ArrayList.forEach(ArrayList.java:1511)
	at java.base/java.util.ArrayList.forEach(ArrayList.java:1511)
]]></failure>
  </testcase>
</testsuite>